<?xml version="1.0" encoding="UTF-8"?>
<testsuites name="manifest Upload" time="342" tests="4" failures="1" errors="0">
   <testsuite name="manifest Upload" tests="4" failures="1" errors="0" time="342" timestamp="2018-02-23 10:34:34" hostname="Charles.Chweyaa - KE-HQ-001644.M-KOPA.local" id="Test Suites/Manifest Upload/manifest Upload">
      <properties>
         <property name="deviceName" value=""/>
         <property name="devicePlatform" value=""/>
         <property name="logFolder" value="C:\\Users\\charles.chweyaa.M-KOPA\\git\\MKOPA-RegressionTestingVersion2\\Reports\\Manifest Upload\\manifest Upload\\20180223_103432"/>
         <property name="logFiles" value="C:\\Users\\charles.chweyaa.M-KOPA\\git\\MKOPA-RegressionTestingVersion2\\Reports\\Manifest Upload\\manifest Upload\\20180223_103432\\execution0.log"/>
         <property name="attachments" value="C:\\Users\\charles.chweyaa.M-KOPA\\git\\MKOPA-RegressionTestingVersion2\\Reports\\Manifest Upload\\manifest Upload\\20180223_103432\\1519371427300.png, C:\\Users\\charles.chweyaa.M-KOPA\\git\\MKOPA-RegressionTestingVersion2\\Reports\\Manifest Upload\\manifest Upload\\20180223_103432\\1519371427671.png"/>
         <property name="hostName" value="Charles.Chweyaa - KE-HQ-001644.M-KOPA.local"/>
         <property name="os" value="Windows 10 64bit"/>
         <property name="katalonVersion" value="5.2.0.1"/>
         <property name="browser" value="Chrome 64.0.3282.167"/>
         <property name="hostAddress" value="192.168.160.133"/>
         <property name="sessionId" value="20699afdf2af2b374fe6669988fb31c7"/>
         <property name="seleniumVersion" value="3.7.1"/>
         <property name="proxyInformation" value="ProxyInformation{proxyOption=NO_PROXY, proxyServerType=HTTP, password=, proxyServerAddress=, proxyServerPort=0}"/>
         <property name="platform" value="Windows 10"/>
      </properties>
      <testcase name="Test Cases/Inventory Module/Manifest Upload/validate_Data Duplicates in the Database" classname="Test Cases/Inventory Module/Manifest Upload/validate_Data Duplicates in the Database" status="PASSED">
         <system-out><![CDATA[2018-02-23 10:34:35 - [TEST_CASE][PASSED] - Test Cases/Inventory Module/Manifest Upload/validate_Data Duplicates in the Database: Test Cases/Inventory Module/Manifest Upload/validate_Data Duplicates in the Database

2018-02-23 10:34:36 - [TEST_STEP][PASSED] - callTestCase: Call Test Case 'Test Cases/Common/UserLogin' successfully

2018-02-23 10:34:36 - [TEST_CASE][PASSED] - Test Cases/Common/UserLogin: Test Cases/Common/UserLogin

2018-02-23 10:34:37 - [TEST_STEP][PASSED] - openBrowser: Browser is opened with url: 'https://nm.m-kopa.net/'

2018-02-23 10:34:49 - [MESSAGE][PASSED] - Browser is opened with url: 'https://nm.m-kopa.net/'

2018-02-23 10:34:49 - [TEST_STEP][PASSED] - maximizeWindow: Current window maximized

2018-02-23 10:34:50 - [MESSAGE][PASSED] - Current window maximized

2018-02-23 10:34:50 - [TEST_STEP][PASSED] - setText: Text 'Kennedy.Mwangi@m-kopa.com' is set on object 'Object Repository/Login/input_Username'

2018-02-23 10:34:51 - [MESSAGE][PASSED] - Text 'Kennedy.Mwangi@m-kopa.com' is set on object 'Object Repository/Login/input_Username'

2018-02-23 10:34:51 - [TEST_STEP][PASSED] - setText: Text 'Ken0726*-' is set on object 'Object Repository/Login/input_Password'

2018-02-23 10:34:51 - [MESSAGE][PASSED] - Text 'Ken0726*-' is set on object 'Object Repository/Login/input_Password'

2018-02-23 10:34:51 - [TEST_STEP][PASSED] - click: Object: 'Object Repository/Login/button_SignIn' is clicked on

2018-02-23 10:34:55 - [MESSAGE][PASSED] - Object: 'Object Repository/Login/button_SignIn' is clicked on

2018-02-23 10:34:55 - [MESSAGE][PASSED] - Call Test Case 'Test Cases/Common/UserLogin' successfully

2018-02-23 10:34:55 - [TEST_STEP][PASSED] - delay: Delayed 2 second(s)

2018-02-23 10:34:57 - [MESSAGE][PASSED] - Delayed 2 second(s)

2018-02-23 10:34:57 - [TEST_STEP][PASSED] - callTestCase: Call Test Case 'Test Cases/Inventory Module/Manifest Upload/steps_Duplicate data in the Database' successfully

2018-02-23 10:34:57 - [TEST_CASE][PASSED] - Test Cases/Inventory Module/Manifest Upload/steps_Duplicate data in the Database: Test Cases/Inventory Module/Manifest Upload/steps_Duplicate data in the Database

2018-02-23 10:34:58 - [TEST_STEP][PASSED] - Statement - consignmentNo = randomGenerator("QWERTYUIOP1234567890LKJHGFDSAZXCVBNM", 9): null

2018-02-23 10:34:58 - [TEST_STEP][PASSED] - Statement - rand = new java.util.Random(): null

2018-02-23 10:34:58 - [TEST_STEP][PASSED] - Statement - sb = new java.lang.StringBuilder(): null

2018-02-23 10:34:58 - [TEST_STEP][PASSED] - Statement - For ([i = 0, i < length, (i++)]): null

2018-02-23 10:34:58 - [TEST_STEP][PASSED] - Statement - sb.append(chars.charAt(rand.nextInt(chars.length()))): null

2018-02-23 10:34:58 - [TEST_STEP][PASSED] - Statement - sb.append(chars.charAt(rand.nextInt(chars.length()))): null

2018-02-23 10:34:58 - [TEST_STEP][PASSED] - Statement - sb.append(chars.charAt(rand.nextInt(chars.length()))): null

2018-02-23 10:34:58 - [TEST_STEP][PASSED] - Statement - sb.append(chars.charAt(rand.nextInt(chars.length()))): null

2018-02-23 10:34:58 - [TEST_STEP][PASSED] - Statement - sb.append(chars.charAt(rand.nextInt(chars.length()))): null

2018-02-23 10:34:58 - [TEST_STEP][PASSED] - Statement - sb.append(chars.charAt(rand.nextInt(chars.length()))): null

2018-02-23 10:34:58 - [TEST_STEP][PASSED] - Statement - sb.append(chars.charAt(rand.nextInt(chars.length()))): null

2018-02-23 10:34:58 - [TEST_STEP][PASSED] - Statement - sb.append(chars.charAt(rand.nextInt(chars.length()))): null

2018-02-23 10:34:58 - [TEST_STEP][PASSED] - Statement - sb.append(chars.charAt(rand.nextInt(chars.length()))): null

2018-02-23 10:34:58 - [TEST_STEP][PASSED] - Statement - return sb.toString(): null

2018-02-23 10:34:58 - [TEST_STEP][PASSED] - Statement - location = java.lang.System.getenv("USERPROFILE"): null

2018-02-23 10:34:58 - [TEST_STEP][PASSED] - Statement - fileLocation = location + "/git/MKOPA-RegressionTestingV2/Manifest Files/largeConsignment.csv": null

2018-02-23 10:34:58 - [TEST_STEP][PASSED] - mouseOver: Object: 'Object Repository/Page Header and Menu/Inventory/link_Inventory' is hovered

2018-02-23 10:34:58 - [MESSAGE][PASSED] - Object: 'Object Repository/Page Header and Menu/Inventory/link_Inventory' is hovered

2018-02-23 10:34:58 - [TEST_STEP][PASSED] - delay: Delayed 2 second(s)

2018-02-23 10:35:00 - [MESSAGE][PASSED] - Delayed 2 second(s)

2018-02-23 10:35:00 - [TEST_STEP][PASSED] - mouseOver: Object: 'Object Repository/Page Header and Menu/Inventory/link_Operations' is hovered

2018-02-23 10:35:00 - [MESSAGE][PASSED] - Object: 'Object Repository/Page Header and Menu/Inventory/link_Operations' is hovered

2018-02-23 10:35:00 - [TEST_STEP][PASSED] - delay: Delayed 2 second(s)

2018-02-23 10:35:02 - [MESSAGE][PASSED] - Delayed 2 second(s)

2018-02-23 10:35:02 - [TEST_STEP][PASSED] - mouseOver: Object: 'Object Repository/Page Header and Menu/Inventory/link_Inventory Items' is hovered

2018-02-23 10:35:02 - [MESSAGE][PASSED] - Object: 'Object Repository/Page Header and Menu/Inventory/link_Inventory Items' is hovered

2018-02-23 10:35:02 - [TEST_STEP][PASSED] - delay: Delayed 2 second(s)

2018-02-23 10:35:04 - [MESSAGE][PASSED] - Delayed 2 second(s)

2018-02-23 10:35:04 - [TEST_STEP][PASSED] - click: Object: 'Object Repository/Page Header and Menu/Inventory/link_Upload Manifest' is clicked on

2018-02-23 10:35:06 - [MESSAGE][PASSED] - Object: 'Object Repository/Page Header and Menu/Inventory/link_Upload Manifest' is clicked on

2018-02-23 10:35:06 - [TEST_STEP][PASSED] - click: Object: 'Object Repository/Inventory Module/Device Manifest Upload/dropdown_Select Manifest Type ' is clicked on

2018-02-23 10:35:06 - [MESSAGE][PASSED] - Object: 'Object Repository/Inventory Module/Device Manifest Upload/dropdown_Select Manifest Type ' is clicked on

2018-02-23 10:35:06 - [TEST_STEP][PASSED] - delay: Delayed 2 second(s)

2018-02-23 10:35:08 - [MESSAGE][PASSED] - Delayed 2 second(s)

2018-02-23 10:35:08 - [TEST_STEP][PASSED] - click: Object: 'Object Repository/Inventory Module/Device Manifest Upload/label_Manifest Type' is clicked on

2018-02-23 10:35:09 - [MESSAGE][PASSED] - Object: 'Object Repository/Inventory Module/Device Manifest Upload/label_Manifest Type' is clicked on

2018-02-23 10:35:09 - [TEST_STEP][PASSED] - setText: Text '2018-03-29 00:00:00' is set on object 'Object Repository/Inventory Module/Device Manifest Upload/input_Shipping Date'

2018-02-23 10:35:10 - [MESSAGE][PASSED] - Text '2018-03-29 00:00:00' is set on object 'Object Repository/Inventory Module/Device Manifest Upload/input_Shipping Date'

2018-02-23 10:35:10 - [TEST_STEP][PASSED] - setText: Text '6H2H77JOT' is set on object 'Object Repository/Inventory Module/Device Manifest Upload/input_Consignment No'

2018-02-23 10:35:10 - [MESSAGE][PASSED] - Text '6H2H77JOT' is set on object 'Object Repository/Inventory Module/Device Manifest Upload/input_Consignment No'

2018-02-23 10:35:10 - [TEST_STEP][PASSED] - setText: Text '1000' is set on object 'Object Repository/Inventory Module/Device Manifest Upload/input_Loan Draw'

2018-02-23 10:35:11 - [MESSAGE][PASSED] - Text '1000' is set on object 'Object Repository/Inventory Module/Device Manifest Upload/input_Loan Draw'

2018-02-23 10:35:11 - [TEST_STEP][PASSED] - delay: Delayed 2 second(s)

2018-02-23 10:35:13 - [MESSAGE][PASSED] - Delayed 2 second(s)

2018-02-23 10:35:13 - [TEST_STEP][PASSED] - click: Object: 'Object Repository/Inventory Module/Device Manifest Upload/Page_Upload device manifest  M-KOPA/dropdown_selectItemType' is clicked on

2018-02-23 10:35:13 - [MESSAGE][PASSED] - Object: 'Object Repository/Inventory Module/Device Manifest Upload/Page_Upload device manifest  M-KOPA/dropdown_selectItemType' is clicked on

2018-02-23 10:35:13 - [TEST_STEP][PASSED] - delay: Delayed 10 second(s)

2018-02-23 10:35:23 - [MESSAGE][PASSED] - Delayed 10 second(s)

2018-02-23 10:35:23 - [TEST_STEP][PASSED] - click: Object: 'Object Repository/Inventory Module/Device Manifest Upload/label_itemType' is clicked on

2018-02-23 10:35:23 - [MESSAGE][PASSED] - Object: 'Object Repository/Inventory Module/Device Manifest Upload/label_itemType' is clicked on

2018-02-23 10:35:23 - [TEST_STEP][PASSED] - click: Object: 'Object Repository/Inventory Module/Device Manifest Upload/dropdown_Select Supplier' is clicked on

2018-02-23 10:35:23 - [MESSAGE][PASSED] - Object: 'Object Repository/Inventory Module/Device Manifest Upload/dropdown_Select Supplier' is clicked on

2018-02-23 10:35:23 - [TEST_STEP][PASSED] - delay: Delayed 2 second(s)

2018-02-23 10:35:25 - [MESSAGE][PASSED] - Delayed 2 second(s)

2018-02-23 10:35:25 - [TEST_STEP][PASSED] - click: Object: 'Object Repository/Inventory Module/Device Manifest Upload/label_supplier' is clicked on

2018-02-23 10:35:25 - [MESSAGE][PASSED] - Object: 'Object Repository/Inventory Module/Device Manifest Upload/label_supplier' is clicked on

2018-02-23 10:35:25 - [TEST_STEP][PASSED] - check: Object 'Object Repository/Inventory Module/Device Manifest Upload/checkerbox_Send to Production' is checked

2018-02-23 10:35:26 - [MESSAGE][PASSED] - Object 'Object Repository/Inventory Module/Device Manifest Upload/checkerbox_Send to Production' is checked

2018-02-23 10:35:26 - [TEST_STEP][PASSED] - delay: Delayed 2 second(s)

2018-02-23 10:35:28 - [MESSAGE][PASSED] - Delayed 2 second(s)

2018-02-23 10:35:28 - [TEST_STEP][PASSED] - uploadFile: File 'C:\Users\charles.chweyaa.M-KOPA/git/MKOPA-RegressionTestingV2/Manifest Files/largeConsignment.csv' sent to object: 'Object Repository/Inventory Module/Device Manifest Upload/button_Select'

2018-02-23 10:35:28 - [MESSAGE][PASSED] - File 'C:\Users\charles.chweyaa.M-KOPA/git/MKOPA-RegressionTestingV2/Manifest Files/largeConsignment.csv' sent to object: 'Object Repository/Inventory Module/Device Manifest Upload/button_Select'

2018-02-23 10:35:28 - [TEST_STEP][PASSED] - click: Object: 'Object Repository/Inventory Module/Device Manifest Upload/button_Upload' is clicked on

2018-02-23 10:35:28 - [MESSAGE][PASSED] - Object: 'Object Repository/Inventory Module/Device Manifest Upload/button_Upload' is clicked on

2018-02-23 10:35:28 - [TEST_STEP][PASSED] - delay: Delayed 3 second(s)

2018-02-23 10:35:31 - [MESSAGE][PASSED] - Delayed 3 second(s)

2018-02-23 10:35:31 - [MESSAGE][PASSED] - Call Test Case 'Test Cases/Inventory Module/Manifest Upload/steps_Duplicate data in the Database' successfully

2018-02-23 10:35:31 - [TEST_STEP][PASSED] - delay: Delayed 10 second(s)

2018-02-23 10:35:41 - [MESSAGE][PASSED] - Delayed 10 second(s)

2018-02-23 10:35:41 - [TEST_STEP][PASSED] - verifyElementVisible: Object 'Object Repository/Inventory Module/Device Manifest Upload/errorMessage_Data exists in the Database' is visible

2018-02-23 10:35:41 - [MESSAGE][PASSED] - Object 'Object Repository/Inventory Module/Device Manifest Upload/errorMessage_Data exists in the Database' is visible

2018-02-23 10:35:41 - [TEST_STEP][PASSED] - closeBrowser: Browser is closed

2018-02-23 10:35:42 - [MESSAGE][PASSED] - Browser is closed]]></system-out>
         <system-err><![CDATA[]]></system-err>
      </testcase>
      <testcase name="Test Cases/Inventory Module/Manifest Upload/validate_Shipping Date Required" classname="Test Cases/Inventory Module/Manifest Upload/validate_Shipping Date Required" status="FAILED">
         <failure type="FAILED" message="Unable to verify object 'Object Repository/Inventory Module/Device Manifest Upload/errorMsg_Select Item Type' is visible (Root cause: Web element with id: 'Object Repository/Inventory Module/Device Manifest Upload/errorMsg_Select Item Type' located by 'By.xpath: //li[contains(.,'Select item type')]' not found)"/>
         <system-out><![CDATA[2018-02-23 10:35:42 - [TEST_CASE][FAILED] - Test Cases/Inventory Module/Manifest Upload/validate_Shipping Date Required: Test Cases/Inventory Module/Manifest Upload/validate_Shipping Date Required FAILED because (of) Unable to verify object 'Object Repository/Inventory Module/Device Manifest Upload/errorMsg_Select Item Type' is visible (Root cause: Web element with id: 'Object Repository/Inventory Module/Device Manifest Upload/errorMsg_Select Item Type' located by 'By.xpath: //li[contains(.,'Select item type')]' not found)

2018-02-23 10:35:43 - [TEST_STEP][PASSED] - manifestUploads.PrimaryDevice.primaryDevice: manifestUploads.PrimaryDevice.primaryDevice is PASSED

2018-02-23 10:35:43 - [MESSAGE][PASSED] - manifestUploads.PrimaryDevice.primaryDevice is PASSED

2018-02-23 10:35:43 - [TEST_STEP][PASSED] - delay: Delayed 2 second(s)

2018-02-23 10:35:45 - [MESSAGE][PASSED] - Delayed 2 second(s)

2018-02-23 10:35:45 - [TEST_STEP][PASSED] - callTestCase: Call Test Case 'Test Cases/Common/UserLogin' successfully

2018-02-23 10:35:45 - [TEST_CASE][PASSED] - Test Cases/Common/UserLogin: Test Cases/Common/UserLogin

2018-02-23 10:35:45 - [TEST_STEP][PASSED] - openBrowser: Browser is opened with url: 'https://nm.m-kopa.net/'

2018-02-23 10:35:53 - [MESSAGE][PASSED] - Browser is opened with url: 'https://nm.m-kopa.net/'

2018-02-23 10:35:53 - [TEST_STEP][PASSED] - maximizeWindow: Current window maximized

2018-02-23 10:35:54 - [MESSAGE][PASSED] - Current window maximized

2018-02-23 10:35:54 - [TEST_STEP][PASSED] - setText: Text 'Kennedy.Mwangi@m-kopa.com' is set on object 'Object Repository/Login/input_Username'

2018-02-23 10:35:54 - [MESSAGE][PASSED] - Text 'Kennedy.Mwangi@m-kopa.com' is set on object 'Object Repository/Login/input_Username'

2018-02-23 10:35:54 - [TEST_STEP][PASSED] - setText: Text 'Ken0726*-' is set on object 'Object Repository/Login/input_Password'

2018-02-23 10:35:55 - [MESSAGE][PASSED] - Text 'Ken0726*-' is set on object 'Object Repository/Login/input_Password'

2018-02-23 10:35:55 - [TEST_STEP][PASSED] - click: Object: 'Object Repository/Login/button_SignIn' is clicked on

2018-02-23 10:35:58 - [MESSAGE][PASSED] - Object: 'Object Repository/Login/button_SignIn' is clicked on

2018-02-23 10:35:58 - [MESSAGE][PASSED] - Call Test Case 'Test Cases/Common/UserLogin' successfully

2018-02-23 10:35:58 - [TEST_STEP][PASSED] - callTestCase: Call Test Case 'Test Cases/Inventory Module/Manifest Upload/steps_manifest Upload' successfully

2018-02-23 10:35:58 - [TEST_CASE][PASSED] - Test Cases/Inventory Module/Manifest Upload/steps_manifest Upload: Test Cases/Inventory Module/Manifest Upload/steps_manifest Upload

2018-02-23 10:35:59 - [TEST_STEP][PASSED] - Statement - If (consignmentNo == null): null

2018-02-23 10:35:59 - [TEST_STEP][PASSED] - Statement - location = java.lang.System.getenv("USERPROFILE"): null

2018-02-23 10:35:59 - [TEST_STEP][PASSED] - Statement - filePath = location + "/git/MKOPA-RegressionTestingV2/Manifest Files/primaryDeviceManifest.csv": null

2018-02-23 10:35:59 - [TEST_STEP][PASSED] - mouseOver: Object: 'Object Repository/Page Header and Menu/Inventory/link_Inventory' is hovered

2018-02-23 10:35:59 - [MESSAGE][PASSED] - Object: 'Object Repository/Page Header and Menu/Inventory/link_Inventory' is hovered

2018-02-23 10:35:59 - [TEST_STEP][PASSED] - delay: Delayed 2 second(s)

2018-02-23 10:36:01 - [MESSAGE][PASSED] - Delayed 2 second(s)

2018-02-23 10:36:01 - [TEST_STEP][PASSED] - mouseOver: Object: 'Object Repository/Page Header and Menu/Inventory/link_Operations' is hovered

2018-02-23 10:36:01 - [MESSAGE][PASSED] - Object: 'Object Repository/Page Header and Menu/Inventory/link_Operations' is hovered

2018-02-23 10:36:01 - [TEST_STEP][PASSED] - delay: Delayed 2 second(s)

2018-02-23 10:36:03 - [MESSAGE][PASSED] - Delayed 2 second(s)

2018-02-23 10:36:03 - [TEST_STEP][PASSED] - mouseOver: Object: 'Object Repository/Page Header and Menu/Inventory/link_Inventory Items' is hovered

2018-02-23 10:36:04 - [MESSAGE][PASSED] - Object: 'Object Repository/Page Header and Menu/Inventory/link_Inventory Items' is hovered

2018-02-23 10:36:04 - [TEST_STEP][PASSED] - delay: Delayed 2 second(s)

2018-02-23 10:36:06 - [MESSAGE][PASSED] - Delayed 2 second(s)

2018-02-23 10:36:06 - [TEST_STEP][PASSED] - click: Object: 'Object Repository/Page Header and Menu/Inventory/link_Upload Manifest' is clicked on

2018-02-23 10:36:08 - [MESSAGE][PASSED] - Object: 'Object Repository/Page Header and Menu/Inventory/link_Upload Manifest' is clicked on

2018-02-23 10:36:08 - [TEST_STEP][PASSED] - click: Object: 'Object Repository/Inventory Module/Device Manifest Upload/dropdown_Select Manifest Type ' is clicked on

2018-02-23 10:36:08 - [MESSAGE][PASSED] - Object: 'Object Repository/Inventory Module/Device Manifest Upload/dropdown_Select Manifest Type ' is clicked on

2018-02-23 10:36:08 - [TEST_STEP][PASSED] - delay: Delayed 2 second(s)

2018-02-23 10:36:10 - [MESSAGE][PASSED] - Delayed 2 second(s)

2018-02-23 10:36:10 - [TEST_STEP][PASSED] - click: Object: 'Object Repository/Inventory Module/Device Manifest Upload/label_Manifest Type' is clicked on

2018-02-23 10:36:10 - [MESSAGE][PASSED] - Object: 'Object Repository/Inventory Module/Device Manifest Upload/label_Manifest Type' is clicked on

2018-02-23 10:36:10 - [TEST_STEP][PASSED] - setText: Text '' is set on object 'Object Repository/Inventory Module/Device Manifest Upload/input_Shipping Date'

2018-02-23 10:36:11 - [MESSAGE][PASSED] - Text '' is set on object 'Object Repository/Inventory Module/Device Manifest Upload/input_Shipping Date'

2018-02-23 10:36:11 - [TEST_STEP][PASSED] - setText: Text 'DAFWT2YQGQI' is set on object 'Object Repository/Inventory Module/Device Manifest Upload/input_Consignment No'

2018-02-23 10:36:12 - [MESSAGE][PASSED] - Text 'DAFWT2YQGQI' is set on object 'Object Repository/Inventory Module/Device Manifest Upload/input_Consignment No'

2018-02-23 10:36:12 - [TEST_STEP][PASSED] - setText: Text '200' is set on object 'Object Repository/Inventory Module/Device Manifest Upload/input_Loan Draw'

2018-02-23 10:36:12 - [MESSAGE][PASSED] - Text '200' is set on object 'Object Repository/Inventory Module/Device Manifest Upload/input_Loan Draw'

2018-02-23 10:36:12 - [TEST_STEP][PASSED] - mouseOver: Object: 'Object Repository/Page Header and Menu/Inventory/link_Inventory Items' is hovered

2018-02-23 10:36:12 - [MESSAGE][PASSED] - Object: 'Object Repository/Page Header and Menu/Inventory/link_Inventory Items' is hovered

2018-02-23 10:36:12 - [TEST_STEP][PASSED] - delay: Delayed 2 second(s)

2018-02-23 10:36:14 - [MESSAGE][PASSED] - Delayed 2 second(s)

2018-02-23 10:36:14 - [TEST_STEP][PASSED] - click: Object: 'Object Repository/Inventory Module/Device Manifest Upload/Page_Upload device manifest  M-KOPA/dropdown_selectItemType' is clicked on

2018-02-23 10:36:14 - [MESSAGE][PASSED] - Object: 'Object Repository/Inventory Module/Device Manifest Upload/Page_Upload device manifest  M-KOPA/dropdown_selectItemType' is clicked on

2018-02-23 10:36:14 - [TEST_STEP][PASSED] - delay: Delayed 10 second(s)

2018-02-23 10:36:24 - [MESSAGE][PASSED] - Delayed 10 second(s)

2018-02-23 10:36:24 - [TEST_STEP][PASSED] - click: Object: 'Object Repository/Inventory Module/Device Manifest Upload/label_itemType' is clicked on

2018-02-23 10:36:25 - [MESSAGE][PASSED] - Object: 'Object Repository/Inventory Module/Device Manifest Upload/label_itemType' is clicked on

2018-02-23 10:36:25 - [TEST_STEP][PASSED] - click: Object: 'Object Repository/Inventory Module/Device Manifest Upload/dropdown_Select Supplier' is clicked on

2018-02-23 10:36:25 - [MESSAGE][PASSED] - Object: 'Object Repository/Inventory Module/Device Manifest Upload/dropdown_Select Supplier' is clicked on

2018-02-23 10:36:25 - [TEST_STEP][PASSED] - delay: Delayed 2 second(s)

2018-02-23 10:36:27 - [MESSAGE][PASSED] - Delayed 2 second(s)

2018-02-23 10:36:27 - [TEST_STEP][PASSED] - click: Object: 'Object Repository/Inventory Module/Device Manifest Upload/label_supplier' is clicked on

2018-02-23 10:36:27 - [MESSAGE][PASSED] - Object: 'Object Repository/Inventory Module/Device Manifest Upload/label_supplier' is clicked on

2018-02-23 10:36:27 - [TEST_STEP][PASSED] - check: Object 'Object Repository/Inventory Module/Device Manifest Upload/checkerbox_Send to Production' is checked

2018-02-23 10:36:27 - [MESSAGE][PASSED] - Object 'Object Repository/Inventory Module/Device Manifest Upload/checkerbox_Send to Production' is checked

2018-02-23 10:36:27 - [TEST_STEP][PASSED] - delay: Delayed 5 second(s)

2018-02-23 10:36:32 - [MESSAGE][PASSED] - Delayed 5 second(s)

2018-02-23 10:36:32 - [TEST_STEP][PASSED] - uploadFile: File 'C:\Users\charles.chweyaa.M-KOPA/git/MKOPA-RegressionTestingV2/Manifest Files/primaryDeviceManifest.csv' sent to object: 'Object Repository/Inventory Module/Device Manifest Upload/button_Select'

2018-02-23 10:36:32 - [MESSAGE][PASSED] - File 'C:\Users\charles.chweyaa.M-KOPA/git/MKOPA-RegressionTestingV2/Manifest Files/primaryDeviceManifest.csv' sent to object: 'Object Repository/Inventory Module/Device Manifest Upload/button_Select'

2018-02-23 10:36:32 - [TEST_STEP][PASSED] - click: Object: 'Object Repository/Inventory Module/Device Manifest Upload/button_Upload' is clicked on

2018-02-23 10:36:33 - [MESSAGE][PASSED] - Object: 'Object Repository/Inventory Module/Device Manifest Upload/button_Upload' is clicked on

2018-02-23 10:36:33 - [TEST_STEP][PASSED] - delay: Delayed 3 second(s)

2018-02-23 10:36:36 - [MESSAGE][PASSED] - Delayed 3 second(s)

2018-02-23 10:36:36 - [MESSAGE][PASSED] - Call Test Case 'Test Cases/Inventory Module/Manifest Upload/steps_manifest Upload' successfully

2018-02-23 10:36:36 - [TEST_STEP][FAILED] - verifyElementVisible: Unable to verify object 'Object Repository/Inventory Module/Device Manifest Upload/errorMsg_Select Item Type' is visible (Root cause: Web element with id: 'Object Repository/Inventory Module/Device Manifest Upload/errorMsg_Select Item Type' located by 'By.xpath: //li[contains(.,'Select item type')]' not found)

2018-02-23 10:37:07 - [MESSAGE][FAILED] - Web element with id: 'Object Repository/Inventory Module/Device Manifest Upload/errorMsg_Select Item Type' located by 'By.xpath: //li[contains(.,'Select item type')]' not found
[[ATTACHMENT|C:\\Users\\charles.chweyaa.M-KOPA\\git\\MKOPA-RegressionTestingVersion2\\Reports\\Manifest Upload\\manifest Upload\\20180223_103432\\1519371427300.png]]

2018-02-23 10:37:07 - [MESSAGE][FAILED] - Unable to verify object 'Object Repository/Inventory Module/Device Manifest Upload/errorMsg_Select Item Type' is visible (Root cause: Web element with id: 'Object Repository/Inventory Module/Device Manifest Upload/errorMsg_Select Item Type' located by 'By.xpath: //li[contains(.,'Select item type')]' not found)
[[ATTACHMENT|C:\\Users\\charles.chweyaa.M-KOPA\\git\\MKOPA-RegressionTestingVersion2\\Reports\\Manifest Upload\\manifest Upload\\20180223_103432\\1519371427671.png]]]]></system-out>
         <system-err><![CDATA[2018-02-23 10:35:42 - [TEST_CASE][FAILED] - Test Cases/Inventory Module/Manifest Upload/validate_Shipping Date Required: Test Cases/Inventory Module/Manifest Upload/validate_Shipping Date Required FAILED because (of) Unable to verify object 'Object Repository/Inventory Module/Device Manifest Upload/errorMsg_Select Item Type' is visible (Root cause: Web element with id: 'Object Repository/Inventory Module/Device Manifest Upload/errorMsg_Select Item Type' located by 'By.xpath: //li[contains(.,'Select item type')]' not found)]]></system-err>
      </testcase>
      <testcase name="Test Cases/Inventory Module/Manifest Upload/validate_Duplicate Consignment No" classname="Test Cases/Inventory Module/Manifest Upload/validate_Duplicate Consignment No" status="PASSED">
         <system-out><![CDATA[2018-02-23 10:37:08 - [TEST_CASE][PASSED] - Test Cases/Inventory Module/Manifest Upload/validate_Duplicate Consignment No: Test Cases/Inventory Module/Manifest Upload/validate_Duplicate Consignment No

2018-02-23 10:37:08 - [TEST_STEP][PASSED] - manifestUploads.PrimaryDevice.primaryDevice: manifestUploads.PrimaryDevice.primaryDevice is PASSED

2018-02-23 10:37:08 - [MESSAGE][PASSED] - manifestUploads.PrimaryDevice.primaryDevice is PASSED

2018-02-23 10:37:08 - [TEST_STEP][PASSED] - delay: Delayed 2 second(s)

2018-02-23 10:37:10 - [MESSAGE][PASSED] - Delayed 2 second(s)

2018-02-23 10:37:10 - [TEST_STEP][PASSED] - callTestCase: Call Test Case 'Test Cases/Common/UserLogin' successfully

2018-02-23 10:37:10 - [TEST_CASE][PASSED] - Test Cases/Common/UserLogin: Test Cases/Common/UserLogin

2018-02-23 10:37:10 - [TEST_STEP][PASSED] - openBrowser: Browser is opened with url: 'https://nm.m-kopa.net/'

2018-02-23 10:37:10 - [MESSAGE][WARNING] - A browser is already opened. Closing browser and opening a new one

2018-02-23 10:37:19 - [MESSAGE][PASSED] - Browser is opened with url: 'https://nm.m-kopa.net/'

2018-02-23 10:37:19 - [TEST_STEP][PASSED] - maximizeWindow: Current window maximized

2018-02-23 10:37:21 - [MESSAGE][PASSED] - Current window maximized

2018-02-23 10:37:21 - [TEST_STEP][PASSED] - setText: Text 'Kennedy.Mwangi@m-kopa.com' is set on object 'Object Repository/Login/input_Username'

2018-02-23 10:37:21 - [MESSAGE][PASSED] - Text 'Kennedy.Mwangi@m-kopa.com' is set on object 'Object Repository/Login/input_Username'

2018-02-23 10:37:21 - [TEST_STEP][PASSED] - setText: Text 'Ken0726*-' is set on object 'Object Repository/Login/input_Password'

2018-02-23 10:37:21 - [MESSAGE][PASSED] - Text 'Ken0726*-' is set on object 'Object Repository/Login/input_Password'

2018-02-23 10:37:21 - [TEST_STEP][PASSED] - click: Object: 'Object Repository/Login/button_SignIn' is clicked on

2018-02-23 10:37:26 - [MESSAGE][PASSED] - Object: 'Object Repository/Login/button_SignIn' is clicked on

2018-02-23 10:37:26 - [MESSAGE][PASSED] - Call Test Case 'Test Cases/Common/UserLogin' successfully

2018-02-23 10:37:26 - [TEST_STEP][PASSED] - callTestCase: Call Test Case 'Test Cases/Inventory Module/Manifest Upload/steps_manifest Upload' successfully

2018-02-23 10:37:26 - [TEST_CASE][PASSED] - Test Cases/Inventory Module/Manifest Upload/steps_manifest Upload: Test Cases/Inventory Module/Manifest Upload/steps_manifest Upload

2018-02-23 10:37:26 - [TEST_STEP][PASSED] - Statement - If (consignmentNo == null): null

2018-02-23 10:37:26 - [TEST_STEP][PASSED] - Statement - location = java.lang.System.getenv("USERPROFILE"): null

2018-02-23 10:37:26 - [TEST_STEP][PASSED] - Statement - filePath = location + "/git/MKOPA-RegressionTestingV2/Manifest Files/primaryDeviceManifest.csv": null

2018-02-23 10:37:26 - [TEST_STEP][PASSED] - mouseOver: Object: 'Object Repository/Page Header and Menu/Inventory/link_Inventory' is hovered

2018-02-23 10:37:26 - [MESSAGE][PASSED] - Object: 'Object Repository/Page Header and Menu/Inventory/link_Inventory' is hovered

2018-02-23 10:37:26 - [TEST_STEP][PASSED] - delay: Delayed 2 second(s)

2018-02-23 10:37:28 - [MESSAGE][PASSED] - Delayed 2 second(s)

2018-02-23 10:37:28 - [TEST_STEP][PASSED] - mouseOver: Object: 'Object Repository/Page Header and Menu/Inventory/link_Operations' is hovered

2018-02-23 10:37:28 - [MESSAGE][PASSED] - Object: 'Object Repository/Page Header and Menu/Inventory/link_Operations' is hovered

2018-02-23 10:37:28 - [TEST_STEP][PASSED] - delay: Delayed 2 second(s)

2018-02-23 10:37:30 - [MESSAGE][PASSED] - Delayed 2 second(s)

2018-02-23 10:37:30 - [TEST_STEP][PASSED] - mouseOver: Object: 'Object Repository/Page Header and Menu/Inventory/link_Inventory Items' is hovered

2018-02-23 10:37:31 - [MESSAGE][PASSED] - Object: 'Object Repository/Page Header and Menu/Inventory/link_Inventory Items' is hovered

2018-02-23 10:37:31 - [TEST_STEP][PASSED] - delay: Delayed 2 second(s)

2018-02-23 10:37:33 - [MESSAGE][PASSED] - Delayed 2 second(s)

2018-02-23 10:37:33 - [TEST_STEP][PASSED] - click: Object: 'Object Repository/Page Header and Menu/Inventory/link_Upload Manifest' is clicked on

2018-02-23 10:37:37 - [MESSAGE][PASSED] - Object: 'Object Repository/Page Header and Menu/Inventory/link_Upload Manifest' is clicked on

2018-02-23 10:37:37 - [TEST_STEP][PASSED] - click: Object: 'Object Repository/Inventory Module/Device Manifest Upload/dropdown_Select Manifest Type ' is clicked on

2018-02-23 10:37:38 - [MESSAGE][PASSED] - Object: 'Object Repository/Inventory Module/Device Manifest Upload/dropdown_Select Manifest Type ' is clicked on

2018-02-23 10:37:38 - [TEST_STEP][PASSED] - delay: Delayed 2 second(s)

2018-02-23 10:37:40 - [MESSAGE][PASSED] - Delayed 2 second(s)

2018-02-23 10:37:40 - [TEST_STEP][PASSED] - click: Object: 'Object Repository/Inventory Module/Device Manifest Upload/label_Manifest Type' is clicked on

2018-02-23 10:37:40 - [MESSAGE][PASSED] - Object: 'Object Repository/Inventory Module/Device Manifest Upload/label_Manifest Type' is clicked on

2018-02-23 10:37:40 - [TEST_STEP][PASSED] - setText: Text '2018-03-29 00:00:00' is set on object 'Object Repository/Inventory Module/Device Manifest Upload/input_Shipping Date'

2018-02-23 10:37:41 - [MESSAGE][PASSED] - Text '2018-03-29 00:00:00' is set on object 'Object Repository/Inventory Module/Device Manifest Upload/input_Shipping Date'

2018-02-23 10:37:41 - [TEST_STEP][PASSED] - setText: Text 'DEN123MNKATANA' is set on object 'Object Repository/Inventory Module/Device Manifest Upload/input_Consignment No'

2018-02-23 10:37:41 - [MESSAGE][PASSED] - Text 'DEN123MNKATANA' is set on object 'Object Repository/Inventory Module/Device Manifest Upload/input_Consignment No'

2018-02-23 10:37:41 - [TEST_STEP][PASSED] - setText: Text '200' is set on object 'Object Repository/Inventory Module/Device Manifest Upload/input_Loan Draw'

2018-02-23 10:37:42 - [MESSAGE][PASSED] - Text '200' is set on object 'Object Repository/Inventory Module/Device Manifest Upload/input_Loan Draw'

2018-02-23 10:37:42 - [TEST_STEP][PASSED] - mouseOver: Object: 'Object Repository/Page Header and Menu/Inventory/link_Inventory Items' is hovered

2018-02-23 10:37:42 - [MESSAGE][PASSED] - Object: 'Object Repository/Page Header and Menu/Inventory/link_Inventory Items' is hovered

2018-02-23 10:37:42 - [TEST_STEP][PASSED] - delay: Delayed 2 second(s)

2018-02-23 10:37:44 - [MESSAGE][PASSED] - Delayed 2 second(s)

2018-02-23 10:37:44 - [TEST_STEP][PASSED] - click: Object: 'Object Repository/Inventory Module/Device Manifest Upload/Page_Upload device manifest  M-KOPA/dropdown_selectItemType' is clicked on

2018-02-23 10:37:44 - [MESSAGE][PASSED] - Object: 'Object Repository/Inventory Module/Device Manifest Upload/Page_Upload device manifest  M-KOPA/dropdown_selectItemType' is clicked on

2018-02-23 10:37:44 - [TEST_STEP][PASSED] - delay: Delayed 10 second(s)

2018-02-23 10:37:54 - [MESSAGE][PASSED] - Delayed 10 second(s)

2018-02-23 10:37:54 - [TEST_STEP][PASSED] - click: Object: 'Object Repository/Inventory Module/Device Manifest Upload/label_itemType' is clicked on

2018-02-23 10:37:54 - [MESSAGE][PASSED] - Object: 'Object Repository/Inventory Module/Device Manifest Upload/label_itemType' is clicked on

2018-02-23 10:37:54 - [TEST_STEP][PASSED] - click: Object: 'Object Repository/Inventory Module/Device Manifest Upload/dropdown_Select Supplier' is clicked on

2018-02-23 10:37:55 - [MESSAGE][PASSED] - Object: 'Object Repository/Inventory Module/Device Manifest Upload/dropdown_Select Supplier' is clicked on

2018-02-23 10:37:55 - [TEST_STEP][PASSED] - delay: Delayed 2 second(s)

2018-02-23 10:37:57 - [MESSAGE][PASSED] - Delayed 2 second(s)

2018-02-23 10:37:57 - [TEST_STEP][PASSED] - click: Object: 'Object Repository/Inventory Module/Device Manifest Upload/label_supplier' is clicked on

2018-02-23 10:37:57 - [MESSAGE][PASSED] - Object: 'Object Repository/Inventory Module/Device Manifest Upload/label_supplier' is clicked on

2018-02-23 10:37:57 - [TEST_STEP][PASSED] - check: Object 'Object Repository/Inventory Module/Device Manifest Upload/checkerbox_Send to Production' is checked

2018-02-23 10:37:58 - [MESSAGE][PASSED] - Object 'Object Repository/Inventory Module/Device Manifest Upload/checkerbox_Send to Production' is checked

2018-02-23 10:37:58 - [TEST_STEP][PASSED] - delay: Delayed 5 second(s)

2018-02-23 10:38:03 - [MESSAGE][PASSED] - Delayed 5 second(s)

2018-02-23 10:38:03 - [TEST_STEP][PASSED] - uploadFile: File 'C:\Users\charles.chweyaa.M-KOPA/git/MKOPA-RegressionTestingV2/Manifest Files/primaryDeviceManifest.csv' sent to object: 'Object Repository/Inventory Module/Device Manifest Upload/button_Select'

2018-02-23 10:38:03 - [MESSAGE][PASSED] - File 'C:\Users\charles.chweyaa.M-KOPA/git/MKOPA-RegressionTestingV2/Manifest Files/primaryDeviceManifest.csv' sent to object: 'Object Repository/Inventory Module/Device Manifest Upload/button_Select'

2018-02-23 10:38:03 - [TEST_STEP][PASSED] - click: Object: 'Object Repository/Inventory Module/Device Manifest Upload/button_Upload' is clicked on

2018-02-23 10:38:03 - [MESSAGE][PASSED] - Object: 'Object Repository/Inventory Module/Device Manifest Upload/button_Upload' is clicked on

2018-02-23 10:38:03 - [TEST_STEP][PASSED] - delay: Delayed 3 second(s)

2018-02-23 10:38:06 - [MESSAGE][PASSED] - Delayed 3 second(s)

2018-02-23 10:38:06 - [MESSAGE][PASSED] - Call Test Case 'Test Cases/Inventory Module/Manifest Upload/steps_manifest Upload' successfully

2018-02-23 10:38:06 - [TEST_STEP][PASSED] - verifyElementVisible: Object 'Object Repository/Inventory Module/Device Manifest Upload/errorMessage_The Consignment Exists' is visible

2018-02-23 10:38:06 - [MESSAGE][PASSED] - Object 'Object Repository/Inventory Module/Device Manifest Upload/errorMessage_The Consignment Exists' is visible

2018-02-23 10:38:06 - [TEST_STEP][PASSED] - closeBrowser: Browser is closed

2018-02-23 10:38:07 - [MESSAGE][PASSED] - Browser is closed]]></system-out>
         <system-err><![CDATA[]]></system-err>
      </testcase>
      <testcase name="Test Cases/Inventory Module/Manifest Upload/validate_csv File Extension Required" classname="Test Cases/Inventory Module/Manifest Upload/validate_csv File Extension Required" status="PASSED">
         <system-out><![CDATA[2018-02-23 10:38:07 - [TEST_CASE][PASSED] - Test Cases/Inventory Module/Manifest Upload/validate_csv File Extension Required: Test Cases/Inventory Module/Manifest Upload/validate_csv File Extension Required

2018-02-23 10:38:08 - [TEST_STEP][PASSED] - Statement - location = java.lang.System.getenv("USERPROFILE"): null

2018-02-23 10:38:08 - [TEST_STEP][PASSED] - Statement - fileLocation = location + "/git/MKOPA-RegressionTestingV2/Manifest Files/wrongformat.docx": null

2018-02-23 10:38:08 - [TEST_STEP][PASSED] - manifestUploads.wrongfileFormat.wrongfileFormat: manifestUploads.wrongfileFormat.wrongfileFormat is PASSED

2018-02-23 10:38:08 - [MESSAGE][PASSED] - manifestUploads.wrongfileFormat.wrongfileFormat is PASSED

2018-02-23 10:38:08 - [TEST_STEP][PASSED] - delay: Delayed 2 second(s)

2018-02-23 10:38:10 - [MESSAGE][PASSED] - Delayed 2 second(s)

2018-02-23 10:38:10 - [TEST_STEP][PASSED] - callTestCase: Call Test Case 'Test Cases/Common/UserLogin' successfully

2018-02-23 10:38:10 - [TEST_CASE][PASSED] - Test Cases/Common/UserLogin: Test Cases/Common/UserLogin

2018-02-23 10:38:10 - [TEST_STEP][PASSED] - openBrowser: Browser is opened with url: 'https://nm.m-kopa.net/'

2018-02-23 10:38:20 - [MESSAGE][PASSED] - Browser is opened with url: 'https://nm.m-kopa.net/'

2018-02-23 10:38:20 - [TEST_STEP][PASSED] - maximizeWindow: Current window maximized

2018-02-23 10:38:21 - [MESSAGE][PASSED] - Current window maximized

2018-02-23 10:38:21 - [TEST_STEP][PASSED] - setText: Text 'Kennedy.Mwangi@m-kopa.com' is set on object 'Object Repository/Login/input_Username'

2018-02-23 10:38:22 - [MESSAGE][PASSED] - Text 'Kennedy.Mwangi@m-kopa.com' is set on object 'Object Repository/Login/input_Username'

2018-02-23 10:38:22 - [TEST_STEP][PASSED] - setText: Text 'Ken0726*-' is set on object 'Object Repository/Login/input_Password'

2018-02-23 10:38:22 - [MESSAGE][PASSED] - Text 'Ken0726*-' is set on object 'Object Repository/Login/input_Password'

2018-02-23 10:38:22 - [TEST_STEP][PASSED] - click: Object: 'Object Repository/Login/button_SignIn' is clicked on

2018-02-23 10:38:29 - [MESSAGE][PASSED] - Object: 'Object Repository/Login/button_SignIn' is clicked on

2018-02-23 10:38:29 - [MESSAGE][PASSED] - Call Test Case 'Test Cases/Common/UserLogin' successfully

2018-02-23 10:38:29 - [TEST_STEP][PASSED] - callTestCase: Call Test Case 'Test Cases/Inventory Module/Manifest Upload/Steps_wrong file Format Extension' successfully

2018-02-23 10:38:29 - [TEST_CASE][PASSED] - Test Cases/Inventory Module/Manifest Upload/Steps_wrong file Format Extension: Test Cases/Inventory Module/Manifest Upload/Steps_wrong file Format Extension

2018-02-23 10:38:29 - [TEST_STEP][PASSED] - Statement - consignmentNo = randomGenerator("QWERTYUIOP1234567890LKJHGFDSAZXCVBNM", 9): null

2018-02-23 10:38:29 - [TEST_STEP][PASSED] - Statement - rand = new java.util.Random(): null

2018-02-23 10:38:29 - [TEST_STEP][PASSED] - Statement - sb = new java.lang.StringBuilder(): null

2018-02-23 10:38:29 - [TEST_STEP][PASSED] - Statement - For ([i = 0, i < length, (i++)]): null

2018-02-23 10:38:29 - [TEST_STEP][PASSED] - Statement - sb.append(chars.charAt(rand.nextInt(chars.length()))): null

2018-02-23 10:38:29 - [TEST_STEP][PASSED] - Statement - sb.append(chars.charAt(rand.nextInt(chars.length()))): null

2018-02-23 10:38:29 - [TEST_STEP][PASSED] - Statement - sb.append(chars.charAt(rand.nextInt(chars.length()))): null

2018-02-23 10:38:29 - [TEST_STEP][PASSED] - Statement - sb.append(chars.charAt(rand.nextInt(chars.length()))): null

2018-02-23 10:38:29 - [TEST_STEP][PASSED] - Statement - sb.append(chars.charAt(rand.nextInt(chars.length()))): null

2018-02-23 10:38:29 - [TEST_STEP][PASSED] - Statement - sb.append(chars.charAt(rand.nextInt(chars.length()))): null

2018-02-23 10:38:29 - [TEST_STEP][PASSED] - Statement - sb.append(chars.charAt(rand.nextInt(chars.length()))): null

2018-02-23 10:38:29 - [TEST_STEP][PASSED] - Statement - sb.append(chars.charAt(rand.nextInt(chars.length()))): null

2018-02-23 10:38:29 - [TEST_STEP][PASSED] - Statement - sb.append(chars.charAt(rand.nextInt(chars.length()))): null

2018-02-23 10:38:29 - [TEST_STEP][PASSED] - Statement - return sb.toString(): null

2018-02-23 10:38:29 - [TEST_STEP][PASSED] - Statement - location = java.lang.System.getenv("USERPROFILE"): null

2018-02-23 10:38:29 - [TEST_STEP][PASSED] - Statement - fileLocation = location + "/git/MKOPA-RegressionTestingV2/Manifest Files/wrongformat.docx": null

2018-02-23 10:38:29 - [TEST_STEP][PASSED] - mouseOver: Object: 'Object Repository/Page Header and Menu/Inventory/link_Inventory' is hovered

2018-02-23 10:38:29 - [MESSAGE][PASSED] - Object: 'Object Repository/Page Header and Menu/Inventory/link_Inventory' is hovered

2018-02-23 10:38:29 - [TEST_STEP][PASSED] - delay: Delayed 2 second(s)

2018-02-23 10:38:31 - [MESSAGE][PASSED] - Delayed 2 second(s)

2018-02-23 10:38:31 - [TEST_STEP][PASSED] - mouseOver: Object: 'Object Repository/Page Header and Menu/Inventory/link_Operations' is hovered

2018-02-23 10:38:32 - [MESSAGE][PASSED] - Object: 'Object Repository/Page Header and Menu/Inventory/link_Operations' is hovered

2018-02-23 10:38:32 - [TEST_STEP][PASSED] - delay: Delayed 2 second(s)

2018-02-23 10:38:34 - [MESSAGE][PASSED] - Delayed 2 second(s)

2018-02-23 10:38:34 - [TEST_STEP][PASSED] - mouseOver: Object: 'Object Repository/Page Header and Menu/Inventory/link_Inventory Items' is hovered

2018-02-23 10:38:34 - [MESSAGE][PASSED] - Object: 'Object Repository/Page Header and Menu/Inventory/link_Inventory Items' is hovered

2018-02-23 10:38:34 - [TEST_STEP][PASSED] - delay: Delayed 2 second(s)

2018-02-23 10:38:36 - [MESSAGE][PASSED] - Delayed 2 second(s)

2018-02-23 10:38:36 - [TEST_STEP][PASSED] - click: Object: 'Object Repository/Page Header and Menu/Inventory/link_Upload Manifest' is clicked on

2018-02-23 10:38:41 - [MESSAGE][PASSED] - Object: 'Object Repository/Page Header and Menu/Inventory/link_Upload Manifest' is clicked on

2018-02-23 10:38:41 - [TEST_STEP][PASSED] - click: Object: 'Object Repository/Inventory Module/Device Manifest Upload/dropdown_Select Manifest Type ' is clicked on

2018-02-23 10:38:41 - [MESSAGE][PASSED] - Object: 'Object Repository/Inventory Module/Device Manifest Upload/dropdown_Select Manifest Type ' is clicked on

2018-02-23 10:38:41 - [TEST_STEP][PASSED] - delay: Delayed 2 second(s)

2018-02-23 10:38:43 - [MESSAGE][PASSED] - Delayed 2 second(s)

2018-02-23 10:38:43 - [TEST_STEP][PASSED] - click: Object: 'Object Repository/Inventory Module/Device Manifest Upload/label_Manifest Type' is clicked on

2018-02-23 10:38:43 - [MESSAGE][PASSED] - Object: 'Object Repository/Inventory Module/Device Manifest Upload/label_Manifest Type' is clicked on

2018-02-23 10:38:43 - [TEST_STEP][PASSED] - setText: Text '2018-03-29 00:00:00' is set on object 'Object Repository/Inventory Module/Device Manifest Upload/input_Shipping Date'

2018-02-23 10:38:45 - [MESSAGE][PASSED] - Text '2018-03-29 00:00:00' is set on object 'Object Repository/Inventory Module/Device Manifest Upload/input_Shipping Date'

2018-02-23 10:38:45 - [TEST_STEP][PASSED] - setText: Text 'UACK26ESD' is set on object 'Object Repository/Inventory Module/Device Manifest Upload/input_Consignment No'

2018-02-23 10:38:45 - [MESSAGE][PASSED] - Text 'UACK26ESD' is set on object 'Object Repository/Inventory Module/Device Manifest Upload/input_Consignment No'

2018-02-23 10:38:45 - [TEST_STEP][PASSED] - setText: Text '12098' is set on object 'Object Repository/Inventory Module/Device Manifest Upload/input_Loan Draw'

2018-02-23 10:38:46 - [MESSAGE][PASSED] - Text '12098' is set on object 'Object Repository/Inventory Module/Device Manifest Upload/input_Loan Draw'

2018-02-23 10:38:46 - [TEST_STEP][PASSED] - delay: Delayed 2 second(s)

2018-02-23 10:38:48 - [MESSAGE][PASSED] - Delayed 2 second(s)

2018-02-23 10:38:48 - [TEST_STEP][PASSED] - click: Object: 'Object Repository/Inventory Module/Device Manifest Upload/Page_Upload device manifest  M-KOPA/dropdown_selectItemType' is clicked on

2018-02-23 10:38:48 - [MESSAGE][PASSED] - Object: 'Object Repository/Inventory Module/Device Manifest Upload/Page_Upload device manifest  M-KOPA/dropdown_selectItemType' is clicked on

2018-02-23 10:38:48 - [TEST_STEP][PASSED] - delay: Delayed 10 second(s)

2018-02-23 10:38:58 - [MESSAGE][PASSED] - Delayed 10 second(s)

2018-02-23 10:38:58 - [TEST_STEP][PASSED] - click: Object: 'Object Repository/Inventory Module/Device Manifest Upload/label_itemType' is clicked on

2018-02-23 10:38:58 - [MESSAGE][PASSED] - Object: 'Object Repository/Inventory Module/Device Manifest Upload/label_itemType' is clicked on

2018-02-23 10:38:58 - [TEST_STEP][PASSED] - click: Object: 'Object Repository/Inventory Module/Device Manifest Upload/dropdown_Select Supplier' is clicked on

2018-02-23 10:38:58 - [MESSAGE][PASSED] - Object: 'Object Repository/Inventory Module/Device Manifest Upload/dropdown_Select Supplier' is clicked on

2018-02-23 10:38:58 - [TEST_STEP][PASSED] - delay: Delayed 2 second(s)

2018-02-23 10:39:00 - [MESSAGE][PASSED] - Delayed 2 second(s)

2018-02-23 10:39:00 - [TEST_STEP][PASSED] - click: Object: 'Object Repository/Inventory Module/Device Manifest Upload/label_supplier' is clicked on

2018-02-23 10:39:00 - [MESSAGE][PASSED] - Object: 'Object Repository/Inventory Module/Device Manifest Upload/label_supplier' is clicked on

2018-02-23 10:39:00 - [TEST_STEP][PASSED] - check: Object 'Object Repository/Inventory Module/Device Manifest Upload/checkerbox_Send to Production' is checked

2018-02-23 10:39:01 - [MESSAGE][PASSED] - Object 'Object Repository/Inventory Module/Device Manifest Upload/checkerbox_Send to Production' is checked

2018-02-23 10:39:01 - [TEST_STEP][PASSED] - delay: Delayed 2 second(s)

2018-02-23 10:39:03 - [MESSAGE][PASSED] - Delayed 2 second(s)

2018-02-23 10:39:03 - [TEST_STEP][PASSED] - uploadFile: File 'C:\Users\charles.chweyaa.M-KOPA/git/MKOPA-RegressionTestingV2/Manifest Files/wrongformat.docx' sent to object: 'Object Repository/Inventory Module/Device Manifest Upload/button_Select'

2018-02-23 10:39:03 - [MESSAGE][PASSED] - File 'C:\Users\charles.chweyaa.M-KOPA/git/MKOPA-RegressionTestingV2/Manifest Files/wrongformat.docx' sent to object: 'Object Repository/Inventory Module/Device Manifest Upload/button_Select'

2018-02-23 10:39:03 - [TEST_STEP][PASSED] - click: Object: 'Object Repository/Inventory Module/Device Manifest Upload/button_Upload' is clicked on

2018-02-23 10:39:03 - [MESSAGE][PASSED] - Object: 'Object Repository/Inventory Module/Device Manifest Upload/button_Upload' is clicked on

2018-02-23 10:39:03 - [TEST_STEP][PASSED] - delay: Delayed 3 second(s)

2018-02-23 10:39:06 - [MESSAGE][PASSED] - Delayed 3 second(s)

2018-02-23 10:39:06 - [MESSAGE][PASSED] - Call Test Case 'Test Cases/Inventory Module/Manifest Upload/Steps_wrong file Format Extension' successfully

2018-02-23 10:39:06 - [TEST_STEP][PASSED] - verifyElementVisible: Object 'Object Repository/Inventory Module/Device Manifest Upload/errorMsg_The file extension for the uploaded file is not .csv' is visible

2018-02-23 10:39:06 - [MESSAGE][PASSED] - Object 'Object Repository/Inventory Module/Device Manifest Upload/errorMsg_The file extension for the uploaded file is not .csv' is visible

2018-02-23 10:39:06 - [TEST_STEP][PASSED] - closeBrowser: Browser is closed

2018-02-23 10:39:07 - [MESSAGE][PASSED] - Browser is closed]]></system-out>
         <system-err><![CDATA[]]></system-err>
      </testcase>
      <testcase name="Test Cases/Inventory Module/Manifest Upload/verify_Uploading metered Item Manifest" classname="Test Cases/Inventory Module/Manifest Upload/verify_Uploading metered Item Manifest" status="PASSED">
         <system-out><![CDATA[2018-02-23 10:39:07 - [TEST_CASE][PASSED] - Test Cases/Inventory Module/Manifest Upload/verify_Uploading metered Item Manifest: Test Cases/Inventory Module/Manifest Upload/verify_Uploading metered Item Manifest

2018-02-23 10:39:08 - [TEST_STEP][PASSED] - manifestUploads.PrimaryDevice.primaryDevice: manifestUploads.PrimaryDevice.primaryDevice is PASSED

2018-02-23 10:39:08 - [MESSAGE][PASSED] - manifestUploads.PrimaryDevice.primaryDevice is PASSED

2018-02-23 10:39:08 - [TEST_STEP][PASSED] - delay: Delayed 2 second(s)

2018-02-23 10:39:10 - [MESSAGE][PASSED] - Delayed 2 second(s)

2018-02-23 10:39:10 - [TEST_STEP][PASSED] - callTestCase: Call Test Case 'Test Cases/Common/UserLogin' successfully

2018-02-23 10:39:10 - [TEST_CASE][PASSED] - Test Cases/Common/UserLogin: Test Cases/Common/UserLogin

2018-02-23 10:39:10 - [TEST_STEP][PASSED] - openBrowser: Browser is opened with url: 'https://nm.m-kopa.net/'

2018-02-23 10:39:19 - [MESSAGE][PASSED] - Browser is opened with url: 'https://nm.m-kopa.net/'

2018-02-23 10:39:19 - [TEST_STEP][PASSED] - maximizeWindow: Current window maximized

2018-02-23 10:39:21 - [MESSAGE][PASSED] - Current window maximized

2018-02-23 10:39:21 - [TEST_STEP][PASSED] - setText: Text 'Kennedy.Mwangi@m-kopa.com' is set on object 'Object Repository/Login/input_Username'

2018-02-23 10:39:21 - [MESSAGE][PASSED] - Text 'Kennedy.Mwangi@m-kopa.com' is set on object 'Object Repository/Login/input_Username'

2018-02-23 10:39:21 - [TEST_STEP][PASSED] - setText: Text 'Ken0726*-' is set on object 'Object Repository/Login/input_Password'

2018-02-23 10:39:22 - [MESSAGE][PASSED] - Text 'Ken0726*-' is set on object 'Object Repository/Login/input_Password'

2018-02-23 10:39:22 - [TEST_STEP][PASSED] - click: Object: 'Object Repository/Login/button_SignIn' is clicked on

2018-02-23 10:39:28 - [MESSAGE][PASSED] - Object: 'Object Repository/Login/button_SignIn' is clicked on

2018-02-23 10:39:28 - [MESSAGE][PASSED] - Call Test Case 'Test Cases/Common/UserLogin' successfully

2018-02-23 10:39:28 - [TEST_STEP][PASSED] - callTestCase: Call Test Case 'Test Cases/Inventory Module/Manifest Upload/steps_manifest Upload' successfully

2018-02-23 10:39:29 - [TEST_CASE][PASSED] - Test Cases/Inventory Module/Manifest Upload/steps_manifest Upload: Test Cases/Inventory Module/Manifest Upload/steps_manifest Upload

2018-02-23 10:39:29 - [TEST_STEP][PASSED] - Statement - If (consignmentNo == null): null

2018-02-23 10:39:29 - [TEST_STEP][PASSED] - Statement - consignmentNo = randomGenerator(): null

2018-02-23 10:39:29 - [TEST_STEP][PASSED] - Statement - rand = new java.util.Random(): null

2018-02-23 10:39:29 - [TEST_STEP][PASSED] - Statement - sb = new java.lang.StringBuilder(): null

2018-02-23 10:39:29 - [TEST_STEP][PASSED] - Statement - For ([i = 0, i < length, (i++)]): null

2018-02-23 10:39:29 - [TEST_STEP][PASSED] - Statement - sb.append(chars.charAt(rand.nextInt(chars.length()))): null

2018-02-23 10:39:29 - [TEST_STEP][PASSED] - Statement - sb.append(chars.charAt(rand.nextInt(chars.length()))): null

2018-02-23 10:39:29 - [TEST_STEP][PASSED] - Statement - sb.append(chars.charAt(rand.nextInt(chars.length()))): null

2018-02-23 10:39:29 - [TEST_STEP][PASSED] - Statement - sb.append(chars.charAt(rand.nextInt(chars.length()))): null

2018-02-23 10:39:29 - [TEST_STEP][PASSED] - Statement - sb.append(chars.charAt(rand.nextInt(chars.length()))): null

2018-02-23 10:39:29 - [TEST_STEP][PASSED] - Statement - sb.append(chars.charAt(rand.nextInt(chars.length()))): null

2018-02-23 10:39:29 - [TEST_STEP][PASSED] - Statement - sb.append(chars.charAt(rand.nextInt(chars.length()))): null

2018-02-23 10:39:29 - [TEST_STEP][PASSED] - Statement - sb.append(chars.charAt(rand.nextInt(chars.length()))): null

2018-02-23 10:39:29 - [TEST_STEP][PASSED] - Statement - sb.append(chars.charAt(rand.nextInt(chars.length()))): null

2018-02-23 10:39:29 - [TEST_STEP][PASSED] - Statement - return sb.toString(): null

2018-02-23 10:39:29 - [TEST_STEP][PASSED] - Statement - location = java.lang.System.getenv("USERPROFILE"): null

2018-02-23 10:39:29 - [TEST_STEP][PASSED] - Statement - filePath = location + "/git/MKOPA-RegressionTestingV2/Manifest Files/primaryDeviceManifest.csv": null

2018-02-23 10:39:29 - [TEST_STEP][PASSED] - mouseOver: Object: 'Object Repository/Page Header and Menu/Inventory/link_Inventory' is hovered

2018-02-23 10:39:29 - [MESSAGE][PASSED] - Object: 'Object Repository/Page Header and Menu/Inventory/link_Inventory' is hovered

2018-02-23 10:39:29 - [TEST_STEP][PASSED] - delay: Delayed 2 second(s)

2018-02-23 10:39:31 - [MESSAGE][PASSED] - Delayed 2 second(s)

2018-02-23 10:39:31 - [TEST_STEP][PASSED] - mouseOver: Object: 'Object Repository/Page Header and Menu/Inventory/link_Operations' is hovered

2018-02-23 10:39:31 - [MESSAGE][PASSED] - Object: 'Object Repository/Page Header and Menu/Inventory/link_Operations' is hovered

2018-02-23 10:39:31 - [TEST_STEP][PASSED] - delay: Delayed 2 second(s)

2018-02-23 10:39:33 - [MESSAGE][PASSED] - Delayed 2 second(s)

2018-02-23 10:39:33 - [TEST_STEP][PASSED] - mouseOver: Object: 'Object Repository/Page Header and Menu/Inventory/link_Inventory Items' is hovered

2018-02-23 10:39:33 - [MESSAGE][PASSED] - Object: 'Object Repository/Page Header and Menu/Inventory/link_Inventory Items' is hovered

2018-02-23 10:39:33 - [TEST_STEP][PASSED] - delay: Delayed 2 second(s)

2018-02-23 10:39:35 - [MESSAGE][PASSED] - Delayed 2 second(s)

2018-02-23 10:39:35 - [TEST_STEP][PASSED] - click: Object: 'Object Repository/Page Header and Menu/Inventory/link_Upload Manifest' is clicked on

2018-02-23 10:39:37 - [MESSAGE][PASSED] - Object: 'Object Repository/Page Header and Menu/Inventory/link_Upload Manifest' is clicked on

2018-02-23 10:39:37 - [TEST_STEP][PASSED] - click: Object: 'Object Repository/Inventory Module/Device Manifest Upload/dropdown_Select Manifest Type ' is clicked on

2018-02-23 10:39:37 - [MESSAGE][PASSED] - Object: 'Object Repository/Inventory Module/Device Manifest Upload/dropdown_Select Manifest Type ' is clicked on

2018-02-23 10:39:37 - [TEST_STEP][PASSED] - delay: Delayed 2 second(s)

2018-02-23 10:39:39 - [MESSAGE][PASSED] - Delayed 2 second(s)

2018-02-23 10:39:39 - [TEST_STEP][PASSED] - click: Object: 'Object Repository/Inventory Module/Device Manifest Upload/label_Manifest Type' is clicked on

2018-02-23 10:39:39 - [MESSAGE][PASSED] - Object: 'Object Repository/Inventory Module/Device Manifest Upload/label_Manifest Type' is clicked on

2018-02-23 10:39:39 - [TEST_STEP][PASSED] - setText: Text '2018-03-29 00:00:00' is set on object 'Object Repository/Inventory Module/Device Manifest Upload/input_Shipping Date'

2018-02-23 10:39:40 - [MESSAGE][PASSED] - Text '2018-03-29 00:00:00' is set on object 'Object Repository/Inventory Module/Device Manifest Upload/input_Shipping Date'

2018-02-23 10:39:40 - [TEST_STEP][PASSED] - setText: Text 'CXAXTTOOD' is set on object 'Object Repository/Inventory Module/Device Manifest Upload/input_Consignment No'

2018-02-23 10:39:40 - [MESSAGE][PASSED] - Text 'CXAXTTOOD' is set on object 'Object Repository/Inventory Module/Device Manifest Upload/input_Consignment No'

2018-02-23 10:39:40 - [TEST_STEP][PASSED] - setText: Text '10000' is set on object 'Object Repository/Inventory Module/Device Manifest Upload/input_Loan Draw'

2018-02-23 10:39:40 - [MESSAGE][PASSED] - Text '10000' is set on object 'Object Repository/Inventory Module/Device Manifest Upload/input_Loan Draw'

2018-02-23 10:39:40 - [TEST_STEP][PASSED] - mouseOver: Object: 'Object Repository/Page Header and Menu/Inventory/link_Inventory Items' is hovered

2018-02-23 10:39:40 - [MESSAGE][PASSED] - Object: 'Object Repository/Page Header and Menu/Inventory/link_Inventory Items' is hovered

2018-02-23 10:39:40 - [TEST_STEP][PASSED] - delay: Delayed 2 second(s)

2018-02-23 10:39:42 - [MESSAGE][PASSED] - Delayed 2 second(s)

2018-02-23 10:39:42 - [TEST_STEP][PASSED] - click: Object: 'Object Repository/Inventory Module/Device Manifest Upload/Page_Upload device manifest  M-KOPA/dropdown_selectItemType' is clicked on

2018-02-23 10:39:43 - [MESSAGE][PASSED] - Object: 'Object Repository/Inventory Module/Device Manifest Upload/Page_Upload device manifest  M-KOPA/dropdown_selectItemType' is clicked on

2018-02-23 10:39:43 - [TEST_STEP][PASSED] - delay: Delayed 10 second(s)

2018-02-23 10:39:53 - [MESSAGE][PASSED] - Delayed 10 second(s)

2018-02-23 10:39:53 - [TEST_STEP][PASSED] - click: Object: 'Object Repository/Inventory Module/Device Manifest Upload/label_itemType' is clicked on

2018-02-23 10:39:53 - [MESSAGE][PASSED] - Object: 'Object Repository/Inventory Module/Device Manifest Upload/label_itemType' is clicked on

2018-02-23 10:39:53 - [TEST_STEP][PASSED] - click: Object: 'Object Repository/Inventory Module/Device Manifest Upload/dropdown_Select Supplier' is clicked on

2018-02-23 10:39:53 - [MESSAGE][PASSED] - Object: 'Object Repository/Inventory Module/Device Manifest Upload/dropdown_Select Supplier' is clicked on

2018-02-23 10:39:53 - [TEST_STEP][PASSED] - delay: Delayed 2 second(s)

2018-02-23 10:39:55 - [MESSAGE][PASSED] - Delayed 2 second(s)

2018-02-23 10:39:55 - [TEST_STEP][PASSED] - click: Object: 'Object Repository/Inventory Module/Device Manifest Upload/label_supplier' is clicked on

2018-02-23 10:39:55 - [MESSAGE][PASSED] - Object: 'Object Repository/Inventory Module/Device Manifest Upload/label_supplier' is clicked on

2018-02-23 10:39:55 - [TEST_STEP][PASSED] - check: Object 'Object Repository/Inventory Module/Device Manifest Upload/checkerbox_Send to Production' is checked

2018-02-23 10:39:56 - [MESSAGE][PASSED] - Object 'Object Repository/Inventory Module/Device Manifest Upload/checkerbox_Send to Production' is checked

2018-02-23 10:39:56 - [TEST_STEP][PASSED] - delay: Delayed 5 second(s)

2018-02-23 10:40:01 - [MESSAGE][PASSED] - Delayed 5 second(s)

2018-02-23 10:40:01 - [TEST_STEP][PASSED] - uploadFile: File 'C:\Users\charles.chweyaa.M-KOPA/git/MKOPA-RegressionTestingV2/Manifest Files/primaryDeviceManifest.csv' sent to object: 'Object Repository/Inventory Module/Device Manifest Upload/button_Select'

2018-02-23 10:40:01 - [MESSAGE][PASSED] - File 'C:\Users\charles.chweyaa.M-KOPA/git/MKOPA-RegressionTestingV2/Manifest Files/primaryDeviceManifest.csv' sent to object: 'Object Repository/Inventory Module/Device Manifest Upload/button_Select'

2018-02-23 10:40:01 - [TEST_STEP][PASSED] - click: Object: 'Object Repository/Inventory Module/Device Manifest Upload/button_Upload' is clicked on

2018-02-23 10:40:01 - [MESSAGE][PASSED] - Object: 'Object Repository/Inventory Module/Device Manifest Upload/button_Upload' is clicked on

2018-02-23 10:40:01 - [TEST_STEP][PASSED] - delay: Delayed 3 second(s)

2018-02-23 10:40:04 - [MESSAGE][PASSED] - Delayed 3 second(s)

2018-02-23 10:40:04 - [MESSAGE][PASSED] - Call Test Case 'Test Cases/Inventory Module/Manifest Upload/steps_manifest Upload' successfully

2018-02-23 10:40:04 - [TEST_STEP][PASSED] - delay: Delayed 4 second(s)

2018-02-23 10:40:08 - [MESSAGE][PASSED] - Delayed 4 second(s)

2018-02-23 10:40:08 - [TEST_STEP][PASSED] - check: Object 'Object Repository/Inventory Module/Device Manifest Upload/radio_Close Consignment' is checked

2018-02-23 10:40:08 - [MESSAGE][PASSED] - Object 'Object Repository/Inventory Module/Device Manifest Upload/radio_Close Consignment' is checked

2018-02-23 10:40:08 - [TEST_STEP][PASSED] - click: Object: 'Object Repository/Inventory Module/Device Manifest Upload/button_Save' is clicked on

2018-02-23 10:40:08 - [MESSAGE][PASSED] - Object: 'Object Repository/Inventory Module/Device Manifest Upload/button_Save' is clicked on

2018-02-23 10:40:08 - [TEST_STEP][PASSED] - delay: Delayed 2 second(s)

2018-02-23 10:40:10 - [MESSAGE][PASSED] - Delayed 2 second(s)

2018-02-23 10:40:10 - [TEST_STEP][PASSED] - Statement - successMessage = com.kms.katalon.core.webui.keyword.WebUiBuiltInKeywords.getText(com.kms.katalon.core.testobject.ObjectRepository.findTestObject(Inventory Module/Device Manifest Upload/section_Manifest Details)): Text of object 'Object Repository/Inventory Module/Device Manifest Upload/section_Manifest Details' is: 'Consignment closed successfully!'

2018-02-23 10:40:10 - [MESSAGE][PASSED] - Text of object 'Object Repository/Inventory Module/Device Manifest Upload/section_Manifest Details' is: 'Consignment closed successfully!'

2018-02-23 10:40:10 - [TEST_STEP][PASSED] - verifyEqual: Actual object 'Consignment closed successfully!' and expected object 'Consignment closed successfully!' are equal

2018-02-23 10:40:10 - [MESSAGE][PASSED] - Actual object 'Consignment closed successfully!' and expected object 'Consignment closed successfully!' are equal

2018-02-23 10:40:10 - [TEST_STEP][PASSED] - delay: Delayed 5 second(s)

2018-02-23 10:40:15 - [MESSAGE][PASSED] - Delayed 5 second(s)

2018-02-23 10:40:15 - [TEST_STEP][PASSED] - closeBrowser: Browser is closed

2018-02-23 10:40:16 - [MESSAGE][PASSED] - Browser is closed]]></system-out>
         <system-err><![CDATA[]]></system-err>
      </testcase>
      <system-out><![CDATA[2018-02-23 10:34:34 - [TEST_SUITE][FAILED] - manifest Upload: Test Cases/Inventory Module/Manifest Upload/validate_Shipping Date Required FAILED because (of) Unable to verify object 'Object Repository/Inventory Module/Device Manifest Upload/errorMsg_Select Item Type' is visible (Root cause: Web element with id: 'Object Repository/Inventory Module/Device Manifest Upload/errorMsg_Select Item Type' located by 'By.xpath: //li[contains(.,'Select item type')]' not found)]]></system-out>
      <system-err><![CDATA[2018-02-23 10:34:34 - [TEST_SUITE][FAILED] - manifest Upload: Test Cases/Inventory Module/Manifest Upload/validate_Shipping Date Required FAILED because (of) Unable to verify object 'Object Repository/Inventory Module/Device Manifest Upload/errorMsg_Select Item Type' is visible (Root cause: Web element with id: 'Object Repository/Inventory Module/Device Manifest Upload/errorMsg_Select Item Type' located by 'By.xpath: //li[contains(.,'Select item type')]' not found)]]></system-err>
   </testsuite>
</testsuites>
