<?xml version="1.0" encoding="UTF-8"?>
<testsuites name="Receipt of Consignment" time="60" tests="1" failures="0" errors="0">
   <testsuite name="Receipt of Consignment" tests="1" failures="0" errors="0" time="60" timestamp="2018-02-23 07:38:59" hostname="Charles.Chweyaa - KE-HQ-001644.M-KOPA.local" id="Test Suites/Demo Suite/Inventory/Receipt of Consignment/Receipt of Consignment">
      <properties>
         <property name="deviceName" value=""/>
         <property name="devicePlatform" value=""/>
         <property name="logFolder" value="C:\\Users\\charles.chweyaa.M-KOPA\\git\\MKOPA-RegressionTestingVersion2\\Reports\\Demo Suite\\Inventory\\Receipt of Consignment\\Receipt of Consignment\\20180223_073857"/>
         <property name="logFiles" value="C:\\Users\\charles.chweyaa.M-KOPA\\git\\MKOPA-RegressionTestingVersion2\\Reports\\Demo Suite\\Inventory\\Receipt of Consignment\\Receipt of Consignment\\20180223_073857\\execution0.log"/>
         <property name="attachments" value=""/>
         <property name="hostName" value="Charles.Chweyaa - KE-HQ-001644.M-KOPA.local"/>
         <property name="os" value="Windows 10 64bit"/>
         <property name="katalonVersion" value="5.2.0.1"/>
         <property name="browser" value="Chrome 64.0.3282.167"/>
         <property name="hostAddress" value="192.168.160.133"/>
         <property name="sessionId" value="3c2a41fcc8fc0fabc1043a3b33a7ae11"/>
         <property name="seleniumVersion" value="3.7.1"/>
         <property name="proxyInformation" value="ProxyInformation{proxyOption=NO_PROXY, proxyServerType=HTTP, password=, proxyServerAddress=, proxyServerPort=0}"/>
         <property name="platform" value="Windows 10"/>
      </properties>
      <testcase name="Test Cases/Inventory Module/Manifest Upload/validate_Duplicate Consignment No" classname="Test Cases/Inventory Module/Manifest Upload/validate_Duplicate Consignment No" status="PASSED">
         <system-out><![CDATA[2018-02-23 07:39:00 - [TEST_CASE][PASSED] - Test Cases/Inventory Module/Manifest Upload/validate_Duplicate Consignment No: Test Cases/Inventory Module/Manifest Upload/validate_Duplicate Consignment No

2018-02-23 07:39:01 - [TEST_STEP][PASSED] - manifestUploads.PrimaryDevice.primaryDevice: manifestUploads.PrimaryDevice.primaryDevice is PASSED

2018-02-23 07:39:01 - [MESSAGE][PASSED] - manifestUploads.PrimaryDevice.primaryDevice is PASSED

2018-02-23 07:39:01 - [TEST_STEP][PASSED] - delay: Delayed 2 second(s)

2018-02-23 07:39:04 - [MESSAGE][PASSED] - Delayed 2 second(s)

2018-02-23 07:39:04 - [TEST_STEP][PASSED] - callTestCase: Call Test Case 'Test Cases/Common/UserLogin' successfully

2018-02-23 07:39:04 - [TEST_CASE][PASSED] - Test Cases/Common/UserLogin: Test Cases/Common/UserLogin

2018-02-23 07:39:04 - [TEST_STEP][PASSED] - openBrowser: Browser is opened with url: 'https://nm.m-kopa.net/'

2018-02-23 07:39:15 - [MESSAGE][PASSED] - Browser is opened with url: 'https://nm.m-kopa.net/'

2018-02-23 07:39:15 - [TEST_STEP][PASSED] - maximizeWindow: Current window maximized

2018-02-23 07:39:16 - [MESSAGE][PASSED] - Current window maximized

2018-02-23 07:39:16 - [TEST_STEP][PASSED] - setText: Text 'Kennedy.Mwangi@m-kopa.com' is set on object 'Object Repository/Login/input_Username'

2018-02-23 07:39:16 - [MESSAGE][PASSED] - Text 'Kennedy.Mwangi@m-kopa.com' is set on object 'Object Repository/Login/input_Username'

2018-02-23 07:39:16 - [TEST_STEP][PASSED] - setText: Text 'Ken0726*-' is set on object 'Object Repository/Login/input_Password'

2018-02-23 07:39:17 - [MESSAGE][PASSED] - Text 'Ken0726*-' is set on object 'Object Repository/Login/input_Password'

2018-02-23 07:39:17 - [TEST_STEP][PASSED] - click: Object: 'Object Repository/Login/button_SignIn' is clicked on

2018-02-23 07:39:23 - [MESSAGE][PASSED] - Object: 'Object Repository/Login/button_SignIn' is clicked on

2018-02-23 07:39:23 - [MESSAGE][PASSED] - Call Test Case 'Test Cases/Common/UserLogin' successfully

2018-02-23 07:39:23 - [TEST_STEP][PASSED] - callTestCase: Call Test Case 'Test Cases/Inventory Module/Manifest Upload/steps_manifest Upload' successfully

2018-02-23 07:39:23 - [TEST_CASE][PASSED] - Test Cases/Inventory Module/Manifest Upload/steps_manifest Upload: Test Cases/Inventory Module/Manifest Upload/steps_manifest Upload

2018-02-23 07:39:23 - [TEST_STEP][PASSED] - Statement - If (consignmentNo == null): null

2018-02-23 07:39:23 - [TEST_STEP][PASSED] - Statement - location = java.lang.System.getenv("USERPROFILE"): null

2018-02-23 07:39:23 - [TEST_STEP][PASSED] - Statement - filePath = location + "/git/MKOPA-RegressionTestingV2/Manifest Files/primaryDeviceManifest.csv": null

2018-02-23 07:39:23 - [TEST_STEP][PASSED] - mouseOver: Object: 'Object Repository/Page Header and Menu/Inventory/link_Inventory' is hovered

2018-02-23 07:39:23 - [MESSAGE][PASSED] - Object: 'Object Repository/Page Header and Menu/Inventory/link_Inventory' is hovered

2018-02-23 07:39:23 - [TEST_STEP][PASSED] - delay: Delayed 2 second(s)

2018-02-23 07:39:25 - [MESSAGE][PASSED] - Delayed 2 second(s)

2018-02-23 07:39:25 - [TEST_STEP][PASSED] - mouseOver: Object: 'Object Repository/Page Header and Menu/Inventory/link_Operations' is hovered

2018-02-23 07:39:25 - [MESSAGE][PASSED] - Object: 'Object Repository/Page Header and Menu/Inventory/link_Operations' is hovered

2018-02-23 07:39:25 - [TEST_STEP][PASSED] - delay: Delayed 2 second(s)

2018-02-23 07:39:27 - [MESSAGE][PASSED] - Delayed 2 second(s)

2018-02-23 07:39:27 - [TEST_STEP][PASSED] - mouseOver: Object: 'Object Repository/Page Header and Menu/Inventory/link_Inventory Items' is hovered

2018-02-23 07:39:28 - [MESSAGE][PASSED] - Object: 'Object Repository/Page Header and Menu/Inventory/link_Inventory Items' is hovered

2018-02-23 07:39:28 - [TEST_STEP][PASSED] - delay: Delayed 2 second(s)

2018-02-23 07:39:30 - [MESSAGE][PASSED] - Delayed 2 second(s)

2018-02-23 07:39:30 - [TEST_STEP][PASSED] - click: Object: 'Object Repository/Page Header and Menu/Inventory/link_Upload Manifest' is clicked on

2018-02-23 07:39:31 - [MESSAGE][PASSED] - Object: 'Object Repository/Page Header and Menu/Inventory/link_Upload Manifest' is clicked on

2018-02-23 07:39:31 - [TEST_STEP][PASSED] - click: Object: 'Object Repository/Inventory Module/Device Manifest Upload/dropdown_Select Manifest Type ' is clicked on

2018-02-23 07:39:31 - [MESSAGE][PASSED] - Object: 'Object Repository/Inventory Module/Device Manifest Upload/dropdown_Select Manifest Type ' is clicked on

2018-02-23 07:39:31 - [TEST_STEP][PASSED] - delay: Delayed 2 second(s)

2018-02-23 07:39:33 - [MESSAGE][PASSED] - Delayed 2 second(s)

2018-02-23 07:39:33 - [TEST_STEP][PASSED] - click: Object: 'Object Repository/Inventory Module/Device Manifest Upload/label_Manifest Type' is clicked on

2018-02-23 07:39:34 - [MESSAGE][PASSED] - Object: 'Object Repository/Inventory Module/Device Manifest Upload/label_Manifest Type' is clicked on

2018-02-23 07:39:34 - [TEST_STEP][PASSED] - setText: Text '2018-03-29 00:00:00' is set on object 'Object Repository/Inventory Module/Device Manifest Upload/input_Shipping Date'

2018-02-23 07:39:35 - [MESSAGE][PASSED] - Text '2018-03-29 00:00:00' is set on object 'Object Repository/Inventory Module/Device Manifest Upload/input_Shipping Date'

2018-02-23 07:39:35 - [TEST_STEP][PASSED] - setText: Text 'DEN123MNKATANA' is set on object 'Object Repository/Inventory Module/Device Manifest Upload/input_Consignment No'

2018-02-23 07:39:35 - [MESSAGE][PASSED] - Text 'DEN123MNKATANA' is set on object 'Object Repository/Inventory Module/Device Manifest Upload/input_Consignment No'

2018-02-23 07:39:35 - [TEST_STEP][PASSED] - setText: Text '200' is set on object 'Object Repository/Inventory Module/Device Manifest Upload/input_Loan Draw'

2018-02-23 07:39:36 - [MESSAGE][PASSED] - Text '200' is set on object 'Object Repository/Inventory Module/Device Manifest Upload/input_Loan Draw'

2018-02-23 07:39:36 - [TEST_STEP][PASSED] - mouseOver: Object: 'Object Repository/Page Header and Menu/Inventory/link_Inventory Items' is hovered

2018-02-23 07:39:36 - [MESSAGE][PASSED] - Object: 'Object Repository/Page Header and Menu/Inventory/link_Inventory Items' is hovered

2018-02-23 07:39:36 - [TEST_STEP][PASSED] - delay: Delayed 2 second(s)

2018-02-23 07:39:38 - [MESSAGE][PASSED] - Delayed 2 second(s)

2018-02-23 07:39:38 - [TEST_STEP][PASSED] - click: Object: 'Object Repository/Inventory Module/Device Manifest Upload/Page_Upload device manifest  M-KOPA/dropdown_selectItemType' is clicked on

2018-02-23 07:39:38 - [MESSAGE][PASSED] - Object: 'Object Repository/Inventory Module/Device Manifest Upload/Page_Upload device manifest  M-KOPA/dropdown_selectItemType' is clicked on

2018-02-23 07:39:38 - [TEST_STEP][PASSED] - delay: Delayed 10 second(s)

2018-02-23 07:39:48 - [MESSAGE][PASSED] - Delayed 10 second(s)

2018-02-23 07:39:48 - [TEST_STEP][PASSED] - click: Object: 'Object Repository/Inventory Module/Device Manifest Upload/label_itemType' is clicked on

2018-02-23 07:39:48 - [MESSAGE][PASSED] - Object: 'Object Repository/Inventory Module/Device Manifest Upload/label_itemType' is clicked on

2018-02-23 07:39:48 - [TEST_STEP][PASSED] - click: Object: 'Object Repository/Inventory Module/Device Manifest Upload/dropdown_Select Supplier' is clicked on

2018-02-23 07:39:48 - [MESSAGE][PASSED] - Object: 'Object Repository/Inventory Module/Device Manifest Upload/dropdown_Select Supplier' is clicked on

2018-02-23 07:39:48 - [TEST_STEP][PASSED] - delay: Delayed 2 second(s)

2018-02-23 07:39:50 - [MESSAGE][PASSED] - Delayed 2 second(s)

2018-02-23 07:39:50 - [TEST_STEP][PASSED] - click: Object: 'Object Repository/Inventory Module/Device Manifest Upload/label_supplier' is clicked on

2018-02-23 07:39:50 - [MESSAGE][PASSED] - Object: 'Object Repository/Inventory Module/Device Manifest Upload/label_supplier' is clicked on

2018-02-23 07:39:50 - [TEST_STEP][PASSED] - check: Object 'Object Repository/Inventory Module/Device Manifest Upload/checkerbox_Send to Production' is checked

2018-02-23 07:39:51 - [MESSAGE][PASSED] - Object 'Object Repository/Inventory Module/Device Manifest Upload/checkerbox_Send to Production' is checked

2018-02-23 07:39:51 - [TEST_STEP][PASSED] - delay: Delayed 5 second(s)

2018-02-23 07:39:56 - [MESSAGE][PASSED] - Delayed 5 second(s)

2018-02-23 07:39:56 - [TEST_STEP][PASSED] - uploadFile: File 'C:\Users\charles.chweyaa.M-KOPA/git/MKOPA-RegressionTestingV2/Manifest Files/primaryDeviceManifest.csv' sent to object: 'Object Repository/Inventory Module/Device Manifest Upload/button_Select'

2018-02-23 07:39:56 - [MESSAGE][PASSED] - File 'C:\Users\charles.chweyaa.M-KOPA/git/MKOPA-RegressionTestingV2/Manifest Files/primaryDeviceManifest.csv' sent to object: 'Object Repository/Inventory Module/Device Manifest Upload/button_Select'

2018-02-23 07:39:56 - [TEST_STEP][PASSED] - click: Object: 'Object Repository/Inventory Module/Device Manifest Upload/button_Upload' is clicked on

2018-02-23 07:39:56 - [MESSAGE][PASSED] - Object: 'Object Repository/Inventory Module/Device Manifest Upload/button_Upload' is clicked on

2018-02-23 07:39:56 - [TEST_STEP][PASSED] - delay: Delayed 3 second(s)

2018-02-23 07:39:59 - [MESSAGE][PASSED] - Delayed 3 second(s)

2018-02-23 07:39:59 - [MESSAGE][PASSED] - Call Test Case 'Test Cases/Inventory Module/Manifest Upload/steps_manifest Upload' successfully

2018-02-23 07:39:59 - [TEST_STEP][PASSED] - verifyElementVisible: Object 'Object Repository/Inventory Module/Device Manifest Upload/errorMessage_The Consignment Exists' is visible

2018-02-23 07:39:59 - [MESSAGE][PASSED] - Object 'Object Repository/Inventory Module/Device Manifest Upload/errorMessage_The Consignment Exists' is visible

2018-02-23 07:39:59 - [TEST_STEP][PASSED] - closeBrowser: Browser is closed

2018-02-23 07:40:00 - [MESSAGE][PASSED] - Browser is closed]]></system-out>
         <system-err><![CDATA[]]></system-err>
      </testcase>
      <system-out><![CDATA[2018-02-23 07:38:59 - [TEST_SUITE][PASSED] - Receipt of Consignment: Test Cases/Inventory Module/Manifest Upload/validate_Duplicate Consignment No]]></system-out>
      <system-err><![CDATA[]]></system-err>
   </testsuite>
</testsuites>
